=== RUN   Test2
19:50:13.496577 [0] listening at [::]:44009
19:50:13.499444 [1] listening at [::]:43411
19:50:13.501223 [2] listening at [::]:37325
19:50:13.502801 [3] listening at [::]:42269
19:50:13.504783 [4] listening at [::]:37975
19:50:13.549162 AT NODE 0: Election timer started: 4.411s, with term=0
19:50:13.549406 AT NODE 3: Election timer started: 5.917s, with term=0
19:50:13.549525 AT NODE 2: Election timer started: 3.755s, with term=0
19:50:13.549567 AT NODE 1: Election timer started: 3.144s, with term=0
19:50:13.549196 AT NODE 4: Election timer started: 5.436s, with term=0
19:50:16.749864 AT NODE 1: became Candidate with term=1;
19:50:16.753244 AT NODE 1: Election timer started: 4.86s, with term=1
19:50:16.753588 AT NODE 1: sending RequestVote to 0: {Term:1 CandidateId:1 LastLogIndex:-1 LastLogTerm:-1 Latency:275}
19:50:16.753920 AT NODE 1: sending RequestVote to 2: {Term:1 CandidateId:1 LastLogIndex:-1 LastLogTerm:-1 Latency:46}
19:50:16.754561 AT NODE 1: sending RequestVote to 4: {Term:1 CandidateId:1 LastLogIndex:-1 LastLogTerm:-1 Latency:148}
19:50:16.755165 AT NODE 1: sending RequestVote to 3: {Term:1 CandidateId:1 LastLogIndex:-1 LastLogTerm:-1 Latency:125}
19:50:16.828577 AT NODE 2: Received Vote Request from NODE 1; Args: {Term:1 CandidateId:1 LastLogIndex:-1 LastLogTerm:-1 Latency:46} [currentTerm=0, votedFor=-1, log index/term=(-1, -1)]
19:50:16.828700 AT NODE 2: became Follower with term=1; log=[]
19:50:16.829224 AT NODE 2: Sending Request Vote Reply: &{Term:1 VoteGranted:true}
19:50:16.829614 AT NODE 2: Election timer started: 5.54s, with term=1
19:50:16.831104 AT NODE 1: received RequestVoteReply from 2: {Term:1 VoteGranted:true}
19:50:16.906638 AT NODE 3: Received Vote Request from NODE 1; Args: {Term:1 CandidateId:1 LastLogIndex:-1 LastLogTerm:-1 Latency:125} [currentTerm=0, votedFor=-1, log index/term=(-1, -1)]
19:50:16.906763 AT NODE 3: became Follower with term=1; log=[]
19:50:16.907253 AT NODE 3: Sending Request Vote Reply: &{Term:1 VoteGranted:true}
19:50:16.907405 AT NODE 3: Election timer started: 3.872s, with term=1
19:50:16.908910 AT NODE 1: received RequestVoteReply from 3: {Term:1 VoteGranted:true}
19:50:16.908984 AT NODE 1: Candidate 1 has won the election by majority
19:50:16.909140 AT NODE 1: became Leader; term=1, nextIndex=map[0:0 2:0 3:0 4:0], matchIndex=map[0:-1 2:-1 3:-1 4:-1]; log=[]
19:50:16.932563 AT NODE 4: Received Vote Request from NODE 1; Args: {Term:1 CandidateId:1 LastLogIndex:-1 LastLogTerm:-1 Latency:148} [currentTerm=0, votedFor=-1, log index/term=(-1, -1)]
19:50:16.932680 AT NODE 4: became Follower with term=1; log=[]
19:50:16.933344 AT NODE 4: Sending Request Vote Reply: &{Term:1 VoteGranted:true}
19:50:16.933625 AT NODE 4: Election timer started: 3.426s, with term=1
19:50:16.934871 AT NODE 1: received RequestVoteReply from 4: {Term:1 VoteGranted:true}
19:50:16.934938 AT NODE 1: State changed from Candidate to Leader
19:50:17.059373 AT NODE 0: Received Vote Request from NODE 1; Args: {Term:1 CandidateId:1 LastLogIndex:-1 LastLogTerm:-1 Latency:275} [currentTerm=0, votedFor=-1, log index/term=(-1, -1)]
19:50:17.059531 AT NODE 0: became Follower with term=1; log=[]
19:50:17.059997 AT NODE 0: Sending Request Vote Reply: &{Term:1 VoteGranted:true}
19:50:17.060637 AT NODE 0: Election timer started: 3.507s, with term=1
19:50:17.061752 AT NODE 1: received RequestVoteReply from 0: {Term:1 VoteGranted:true}
19:50:17.061897 AT NODE 1: State changed from Candidate to Leader
19:50:17.302432 AT NODE 1: ReceiveClientCommand received by Leader: Set X = 5
19:50:17.302636 AT NODE 1: Log=[{Set X = 5 1}]
19:50:17.302741 AT NODE 1: ReceiveClientCommand received by Leader: Set X = 1000
19:50:17.302844 AT NODE 1: Log=[{Set X = 5 1} {Set X = 1000 1}]
19:50:17.912155 AT NODE 1: sending AppendEntries to 3: currentPeer_nextIndex=0, args={Term:1 LeaderId:1 PrevLogIndex:-1 PrevLogTerm:-1 Entries:[{Command:Set X = 5 Term:1} {Command:Set X = 1000 Term:1}] LeaderCommit:-1 Latency:493}
19:50:17.912982 AT NODE 1: sending AppendEntries to 2: currentPeer_nextIndex=0, args={Term:1 LeaderId:1 PrevLogIndex:-1 PrevLogTerm:-1 Entries:[{Command:Set X = 5 Term:1} {Command:Set X = 1000 Term:1}] LeaderCommit:-1 Latency:37}
19:50:17.913625 AT NODE 1: sending AppendEntries to 4: currentPeer_nextIndex=0, args={Term:1 LeaderId:1 PrevLogIndex:-1 PrevLogTerm:-1 Entries:[{Command:Set X = 5 Term:1} {Command:Set X = 1000 Term:1}] LeaderCommit:-1 Latency:420}
19:50:17.913995 AT NODE 1: sending AppendEntries to 0: currentPeer_nextIndex=0, args={Term:1 LeaderId:1 PrevLogIndex:-1 PrevLogTerm:-1 Entries:[{Command:Set X = 5 Term:1} {Command:Set X = 1000 Term:1}] LeaderCommit:-1 Latency:259}
19:50:17.974264 AT NODE 2: Received AppendEntries from NODE 1; args: {Term:1 LeaderId:1 PrevLogIndex:-1 PrevLogTerm:-1 Entries:[{Command:Set X = 5 Term:1} {Command:Set X = 1000 Term:1}] LeaderCommit:-1 Latency:37}
19:50:17.974479 AT NODE 2: Log is now: [{Set X = 5 1} {Set X = 1000 1}]
19:50:17.974583 AT NODE 2: Sending AppendEntries reply: {Term:1 Success:true}
19:50:17.975690 AT NODE 1: AppendEntries reply from NODE 2 success: nextIndex := map[0:0 2:2 3:0 4:0], matchIndex := map[0:-1 2:1 3:-1 4:-1]
19:50:18.195779 AT NODE 0: Received AppendEntries from NODE 1; args: {Term:1 LeaderId:1 PrevLogIndex:-1 PrevLogTerm:-1 Entries:[{Command:Set X = 5 Term:1} {Command:Set X = 1000 Term:1}] LeaderCommit:-1 Latency:259}
19:50:18.196004 AT NODE 0: Log is now: [{Set X = 5 1} {Set X = 1000 1}]
19:50:18.196101 AT NODE 0: Sending AppendEntries reply: {Term:1 Success:true}
19:50:18.197949 AT NODE 1: AppendEntries reply from NODE 0 success: nextIndex := map[0:2 2:2 3:0 4:0], matchIndex := map[0:1 2:1 3:-1 4:-1]
19:50:18.198063 AT NODE 1: leader sets commitIndex := 1
19:50:18.356344 AT NODE 4: Received AppendEntries from NODE 1; args: {Term:1 LeaderId:1 PrevLogIndex:-1 PrevLogTerm:-1 Entries:[{Command:Set X = 5 Term:1} {Command:Set X = 1000 Term:1}] LeaderCommit:-1 Latency:420}
19:50:18.356544 AT NODE 4: Log is now: [{Set X = 5 1} {Set X = 1000 1}]
19:50:18.356658 AT NODE 4: Sending AppendEntries reply: {Term:1 Success:true}
19:50:18.357863 AT NODE 1: AppendEntries reply from NODE 4 success: nextIndex := map[0:2 2:2 3:0 4:2], matchIndex := map[0:1 2:1 3:-1 4:1]
19:50:18.430114 AT NODE 3: Received AppendEntries from NODE 1; args: {Term:1 LeaderId:1 PrevLogIndex:-1 PrevLogTerm:-1 Entries:[{Command:Set X = 5 Term:1} {Command:Set X = 1000 Term:1}] LeaderCommit:-1 Latency:493}
19:50:18.430326 AT NODE 3: Log is now: [{Set X = 5 1} {Set X = 1000 1}]
19:50:18.430630 AT NODE 3: Sending AppendEntries reply: {Term:1 Success:true}
19:50:18.431836 AT NODE 1: AppendEntries reply from NODE 3 success: nextIndex := map[0:2 2:2 3:2 4:2], matchIndex := map[0:1 2:1 3:1 4:1]
19:50:20.303597 [ACTION] Disconnecting 1
19:50:23.534424 AT NODE 4: became Candidate with term=2;
19:50:23.538230 AT NODE 4: sending RequestVote to 3: {Term:2 CandidateId:4 LastLogIndex:1 LastLogTerm:1 Latency:393}
19:50:23.538442 AT NODE 4: sending RequestVote to 1: {Term:2 CandidateId:4 LastLogIndex:1 LastLogTerm:1 Latency:313}
19:50:23.538840 AT NODE 4: sending RequestVote to 2: {Term:2 CandidateId:4 LastLogIndex:1 LastLogTerm:1 Latency:419}
19:50:23.538230 AT NODE 4: sending RequestVote to 0: {Term:2 CandidateId:4 LastLogIndex:1 LastLogTerm:1 Latency:44}
19:50:23.539883 AT NODE 4: Election timer started: 5.041s, with term=2
19:50:23.607642 AT NODE 0: Received Vote Request from NODE 4; Args: {Term:2 CandidateId:4 LastLogIndex:1 LastLogTerm:1 Latency:44} [currentTerm=1, votedFor=1, log index/term=(1, 1)]
19:50:23.607862 AT NODE 0: became Follower with term=2; log=[{Set X = 5 1} {Set X = 1000 1}]
19:50:23.608408 AT NODE 0: Sending Request Vote Reply: &{Term:2 VoteGranted:true}
19:50:23.608811 AT NODE 0: Election timer started: 5.923s, with term=2
19:50:23.610730 AT NODE 4: received RequestVoteReply from 0: {Term:2 VoteGranted:true}
19:50:23.956326 AT NODE 3: Received Vote Request from NODE 4; Args: {Term:2 CandidateId:4 LastLogIndex:1 LastLogTerm:1 Latency:393} [currentTerm=1, votedFor=1, log index/term=(1, 1)]
19:50:23.956587 AT NODE 3: became Follower with term=2; log=[{Set X = 5 1} {Set X = 1000 1}]
19:50:23.957058 AT NODE 3: Sending Request Vote Reply: &{Term:2 VoteGranted:true}
19:50:23.957478 AT NODE 3: Election timer started: 5.9s, with term=2
19:50:23.959366 AT NODE 4: received RequestVoteReply from 3: {Term:2 VoteGranted:true}
19:50:23.959505 AT NODE 4: Candidate 4 has won the election by majority
19:50:23.959842 AT NODE 4: became Leader; term=2, nextIndex=map[0:2 1:2 2:2 3:2], matchIndex=map[0:-1 1:-1 2:-1 3:-1]; log=[{Set X = 5 1} {Set X = 1000 1}]
19:50:23.983067 AT NODE 2: Received Vote Request from NODE 4; Args: {Term:2 CandidateId:4 LastLogIndex:1 LastLogTerm:1 Latency:419} [currentTerm=1, votedFor=1, log index/term=(1, 1)]
19:50:23.983328 AT NODE 2: became Follower with term=2; log=[{Set X = 5 1} {Set X = 1000 1}]
19:50:23.983921 AT NODE 2: Sending Request Vote Reply: &{Term:2 VoteGranted:true}
19:50:23.984472 AT NODE 2: Election timer started: 3.86s, with term=2
19:50:23.986603 AT NODE 4: received RequestVoteReply from 2: {Term:2 VoteGranted:true}
19:50:23.986735 AT NODE 4: State changed from Candidate to Leader
19:50:24.061367 AT NODE 4: ReceiveClientCommand received by Leader: Set X = X+10
19:50:24.061668 AT NODE 4: Log=[{Set X = 5 1} {Set X = 1000 1} {Set X = X+10 2}]
19:50:24.062738 AT NODE 4: ReceiveClientCommand received by Leader: Set X = X+1
19:50:24.062899 AT NODE 4: Log=[{Set X = 5 1} {Set X = 1000 1} {Set X = X+10 2} {Set X = X+1 2}]
19:50:24.063070 AT NODE 4: ReceiveClientCommand received by Leader: Set Y = 5
19:50:24.063226 AT NODE 4: Log=[{Set X = 5 1} {Set X = 1000 1} {Set X = X+10 2} {Set X = X+1 2} {Set Y = 5 2}]
19:50:24.063321 AT NODE 4: ReceiveClientCommand received by Leader: Set Y = X+Y
19:50:24.063498 AT NODE 4: Log=[{Set X = 5 1} {Set X = 1000 1} {Set X = X+10 2} {Set X = X+1 2} {Set Y = 5 2} {Set Y = X+Y 2}]
19:50:24.063587 AT NODE 4: ReceiveClientCommand received by Leader: Set Y = Y+3
19:50:24.063736 AT NODE 4: Log=[{Set X = 5 1} {Set X = 1000 1} {Set X = X+10 2} {Set X = X+1 2} {Set Y = 5 2} {Set Y = X+Y 2} {Set Y = Y+3 2}]
19:50:24.063796 AT NODE 4: ReceiveClientCommand received by Leader: Set Z = -1
19:50:24.064074 AT NODE 4: Log=[{Set X = 5 1} {Set X = 1000 1} {Set X = X+10 2} {Set X = X+1 2} {Set Y = 5 2} {Set Y = X+Y 2} {Set Y = Y+3 2} {Set Z = -1 2}]
19:50:24.962150 AT NODE 4: sending AppendEntries to 1: currentPeer_nextIndex=2, args={Term:2 LeaderId:4 PrevLogIndex:1 PrevLogTerm:1 Entries:[{Command:Set X = X+10 Term:2} {Command:Set X = X+1 Term:2} {Command:Set Y = 5 Term:2} {Command:Set Y = X+Y Term:2} {Command:Set Y = Y+3 Term:2} {Command:Set Z = -1 Term:2}] LeaderCommit:1 Latency:347}
19:50:24.962725 AT NODE 4: sending AppendEntries to 0: currentPeer_nextIndex=2, args={Term:2 LeaderId:4 PrevLogIndex:1 PrevLogTerm:1 Entries:[{Command:Set X = X+10 Term:2} {Command:Set X = X+1 Term:2} {Command:Set Y = 5 Term:2} {Command:Set Y = X+Y Term:2} {Command:Set Y = Y+3 Term:2} {Command:Set Z = -1 Term:2}] LeaderCommit:1 Latency:26}
19:50:24.964118 AT NODE 4: sending AppendEntries to 2: currentPeer_nextIndex=2, args={Term:2 LeaderId:4 PrevLogIndex:1 PrevLogTerm:1 Entries:[{Command:Set X = X+10 Term:2} {Command:Set X = X+1 Term:2} {Command:Set Y = 5 Term:2} {Command:Set Y = X+Y Term:2} {Command:Set Y = Y+3 Term:2} {Command:Set Z = -1 Term:2}] LeaderCommit:1 Latency:59}
19:50:24.965309 AT NODE 4: sending AppendEntries to 3: currentPeer_nextIndex=2, args={Term:2 LeaderId:4 PrevLogIndex:1 PrevLogTerm:1 Entries:[{Command:Set X = X+10 Term:2} {Command:Set X = X+1 Term:2} {Command:Set Y = 5 Term:2} {Command:Set Y = X+Y Term:2} {Command:Set Y = Y+3 Term:2} {Command:Set Z = -1 Term:2}] LeaderCommit:1 Latency:475}
19:50:25.012968 AT NODE 0: Received AppendEntries from NODE 4; args: {Term:2 LeaderId:4 PrevLogIndex:1 PrevLogTerm:1 Entries:[{Command:Set X = X+10 Term:2} {Command:Set X = X+1 Term:2} {Command:Set Y = 5 Term:2} {Command:Set Y = X+Y Term:2} {Command:Set Y = Y+3 Term:2} {Command:Set Z = -1 Term:2}] LeaderCommit:1 Latency:26}
19:50:25.013327 AT NODE 0: Log is now: [{Set X = 5 1} {Set X = 1000 1} {Set X = X+10 2} {Set X = X+1 2} {Set Y = 5 2} {Set Y = X+Y 2} {Set Y = Y+3 2} {Set Z = -1 2}]
19:50:25.013441 AT NODE 0: Sending AppendEntries reply: {Term:2 Success:true}
19:50:25.014597 AT NODE 4: AppendEntries reply from NODE 0 success: nextIndex := map[0:8 1:2 2:2 3:2], matchIndex := map[0:7 1:-1 2:-1 3:-1]
19:50:25.048683 AT NODE 2: Received AppendEntries from NODE 4; args: {Term:2 LeaderId:4 PrevLogIndex:1 PrevLogTerm:1 Entries:[{Command:Set X = X+10 Term:2} {Command:Set X = X+1 Term:2} {Command:Set Y = 5 Term:2} {Command:Set Y = X+Y Term:2} {Command:Set Y = Y+3 Term:2} {Command:Set Z = -1 Term:2}] LeaderCommit:1 Latency:59}
19:50:25.048970 AT NODE 2: Log is now: [{Set X = 5 1} {Set X = 1000 1} {Set X = X+10 2} {Set X = X+1 2} {Set Y = 5 2} {Set Y = X+Y 2} {Set Y = Y+3 2} {Set Z = -1 2}]
19:50:25.049112 AT NODE 2: Sending AppendEntries reply: {Term:2 Success:true}
19:50:25.050314 AT NODE 4: AppendEntries reply from NODE 2 success: nextIndex := map[0:8 1:2 2:8 3:2], matchIndex := map[0:7 1:-1 2:7 3:-1]
19:50:25.050446 AT NODE 4: leader sets commitIndex := 7
19:50:25.462993 AT NODE 3: Received AppendEntries from NODE 4; args: {Term:2 LeaderId:4 PrevLogIndex:1 PrevLogTerm:1 Entries:[{Command:Set X = X+10 Term:2} {Command:Set X = X+1 Term:2} {Command:Set Y = 5 Term:2} {Command:Set Y = X+Y Term:2} {Command:Set Y = Y+3 Term:2} {Command:Set Z = -1 Term:2}] LeaderCommit:1 Latency:475}
19:50:25.463355 AT NODE 3: Log is now: [{Set X = 5 1} {Set X = 1000 1} {Set X = X+10 2} {Set X = X+1 2} {Set Y = 5 2} {Set Y = X+Y 2} {Set Y = Y+3 2} {Set Z = -1 2}]
19:50:25.463468 AT NODE 3: Sending AppendEntries reply: {Term:2 Success:true}
19:50:25.464689 AT NODE 4: AppendEntries reply from NODE 3 success: nextIndex := map[0:8 1:2 2:8 3:8], matchIndex := map[0:7 1:-1 2:7 3:7]
19:50:25.961738 AT NODE 4: sending AppendEntries to 1: currentPeer_nextIndex=2, args={Term:2 LeaderId:4 PrevLogIndex:1 PrevLogTerm:1 Entries:[{Command:Set X = X+10 Term:2} {Command:Set X = X+1 Term:2} {Command:Set Y = 5 Term:2} {Command:Set Y = X+Y Term:2} {Command:Set Y = Y+3 Term:2} {Command:Set Z = -1 Term:2}] LeaderCommit:7 Latency:112}
19:50:26.963367 AT NODE 4: sending AppendEntries to 1: currentPeer_nextIndex=2, args={Term:2 LeaderId:4 PrevLogIndex:1 PrevLogTerm:1 Entries:[{Command:Set X = X+10 Term:2} {Command:Set X = X+1 Term:2} {Command:Set Y = 5 Term:2} {Command:Set Y = X+Y Term:2} {Command:Set Y = Y+3 Term:2} {Command:Set Z = -1 Term:2}] LeaderCommit:7 Latency:8}
19:50:27.064714 AT NODE 4: ReceiveClientCommand received by Leader: Set Z = 3
19:50:27.065067 AT NODE 4: Log=[{Set X = 5 1} {Set X = 1000 1} {Set X = X+10 2} {Set X = X+1 2} {Set Y = 5 2} {Set Y = X+Y 2} {Set Y = Y+3 2} {Set Z = -1 2} {Set Z = 3 2}]
19:50:27.961811 AT NODE 4: sending AppendEntries to 2: currentPeer_nextIndex=8, args={Term:2 LeaderId:4 PrevLogIndex:7 PrevLogTerm:2 Entries:[{Command:Set Z = 3 Term:2}] LeaderCommit:7 Latency:458}
19:50:27.962072 AT NODE 4: sending AppendEntries to 0: currentPeer_nextIndex=8, args={Term:2 LeaderId:4 PrevLogIndex:7 PrevLogTerm:2 Entries:[{Command:Set Z = 3 Term:2}] LeaderCommit:7 Latency:148}
19:50:27.961846 AT NODE 4: sending AppendEntries to 1: currentPeer_nextIndex=2, args={Term:2 LeaderId:4 PrevLogIndex:1 PrevLogTerm:1 Entries:[{Command:Set X = X+10 Term:2} {Command:Set X = X+1 Term:2} {Command:Set Y = 5 Term:2} {Command:Set Y = X+Y Term:2} {Command:Set Y = Y+3 Term:2} {Command:Set Z = -1 Term:2} {Command:Set Z = 3 Term:2}] LeaderCommit:7 Latency:12}
19:50:27.962891 AT NODE 4: sending AppendEntries to 3: currentPeer_nextIndex=8, args={Term:2 LeaderId:4 PrevLogIndex:7 PrevLogTerm:2 Entries:[{Command:Set Z = 3 Term:2}] LeaderCommit:7 Latency:194}
19:50:28.132004 AT NODE 0: Received AppendEntries from NODE 4; args: {Term:2 LeaderId:4 PrevLogIndex:7 PrevLogTerm:2 Entries:[{Command:Set Z = 3 Term:2}] LeaderCommit:7 Latency:148}
19:50:28.132474 AT NODE 0: Log is now: [{Set X = 5 1} {Set X = 1000 1} {Set X = X+10 2} {Set X = X+1 2} {Set Y = 5 2} {Set Y = X+Y 2} {Set Y = Y+3 2} {Set Z = -1 2} {Set Z = 3 2}]
19:50:28.132583 AT NODE 0: Sending AppendEntries reply: {Term:2 Success:true}
19:50:28.133757 AT NODE 4: AppendEntries reply from NODE 0 success: nextIndex := map[0:9 1:2 2:8 3:8], matchIndex := map[0:8 1:-1 2:7 3:7]
19:50:28.178663 AT NODE 3: Received AppendEntries from NODE 4; args: {Term:2 LeaderId:4 PrevLogIndex:7 PrevLogTerm:2 Entries:[{Command:Set Z = 3 Term:2}] LeaderCommit:7 Latency:194}
19:50:28.179191 AT NODE 3: Log is now: [{Set X = 5 1} {Set X = 1000 1} {Set X = X+10 2} {Set X = X+1 2} {Set Y = 5 2} {Set Y = X+Y 2} {Set Y = Y+3 2} {Set Z = -1 2} {Set Z = 3 2}]
19:50:28.179335 AT NODE 3: Sending AppendEntries reply: {Term:2 Success:true}
19:50:28.180708 AT NODE 4: AppendEntries reply from NODE 3 success: nextIndex := map[0:9 1:2 2:8 3:9], matchIndex := map[0:8 1:-1 2:7 3:8]
19:50:28.180840 AT NODE 4: leader sets commitIndex := 8
19:50:28.443109 AT NODE 2: Received AppendEntries from NODE 4; args: {Term:2 LeaderId:4 PrevLogIndex:7 PrevLogTerm:2 Entries:[{Command:Set Z = 3 Term:2}] LeaderCommit:7 Latency:458}
19:50:28.443531 AT NODE 2: Log is now: [{Set X = 5 1} {Set X = 1000 1} {Set X = X+10 2} {Set X = X+1 2} {Set Y = 5 2} {Set Y = X+Y 2} {Set Y = Y+3 2} {Set Z = -1 2} {Set Z = 3 2}]
19:50:28.443690 AT NODE 2: Sending AppendEntries reply: {Term:2 Success:true}
19:50:28.444810 AT NODE 4: AppendEntries reply from NODE 2 success: nextIndex := map[0:9 1:2 2:9 3:9], matchIndex := map[0:8 1:-1 2:8 3:8]
19:50:28.963743 AT NODE 4: sending AppendEntries to 1: currentPeer_nextIndex=2, args={Term:2 LeaderId:4 PrevLogIndex:1 PrevLogTerm:1 Entries:[{Command:Set X = X+10 Term:2} {Command:Set X = X+1 Term:2} {Command:Set Y = 5 Term:2} {Command:Set Y = X+Y Term:2} {Command:Set Y = Y+3 Term:2} {Command:Set Z = -1 Term:2} {Command:Set Z = 3 Term:2}] LeaderCommit:8 Latency:279}
19:50:29.962421 AT NODE 4: sending AppendEntries to 1: currentPeer_nextIndex=2, args={Term:2 LeaderId:4 PrevLogIndex:1 PrevLogTerm:1 Entries:[{Command:Set X = X+10 Term:2} {Command:Set X = X+1 Term:2} {Command:Set Y = 5 Term:2} {Command:Set Y = X+Y Term:2} {Command:Set Y = Y+3 Term:2} {Command:Set Z = -1 Term:2} {Command:Set Z = 3 Term:2}] LeaderCommit:8 Latency:249}
19:50:30.065456 [ACTION] Reconnecting 1
19:50:30.911743 AT NODE 1: sending AppendEntries to 4: currentPeer_nextIndex=2, args={Term:1 LeaderId:1 PrevLogIndex:1 PrevLogTerm:1 Entries:[{Command:Set X = X-5 Term:1}] LeaderCommit:1 Latency:41}
19:50:30.912862 AT NODE 1: sending AppendEntries to 2: currentPeer_nextIndex=2, args={Term:1 LeaderId:1 PrevLogIndex:1 PrevLogTerm:1 Entries:[{Command:Set X = X-5 Term:1}] LeaderCommit:1 Latency:420}
19:50:30.913467 AT NODE 1: sending AppendEntries to 3: currentPeer_nextIndex=2, args={Term:1 LeaderId:1 PrevLogIndex:1 PrevLogTerm:1 Entries:[{Command:Set X = X-5 Term:1}] LeaderCommit:1 Latency:261}
19:50:30.913972 AT NODE 1: sending AppendEntries to 0: currentPeer_nextIndex=2, args={Term:1 LeaderId:1 PrevLogIndex:1 PrevLogTerm:1 Entries:[{Command:Set X = X-5 Term:1}] LeaderCommit:1 Latency:237}
19:50:30.963061 AT NODE 4: sending AppendEntries to 1: currentPeer_nextIndex=2, args={Term:2 LeaderId:4 PrevLogIndex:1 PrevLogTerm:1 Entries:[{Command:Set X = X+10 Term:2} {Command:Set X = X+1 Term:2} {Command:Set Y = 5 Term:2} {Command:Set Y = X+Y Term:2} {Command:Set Y = Y+3 Term:2} {Command:Set Z = -1 Term:2} {Command:Set Z = 3 Term:2}] LeaderCommit:8 Latency:84}
19:50:30.980442 AT NODE 4: Received AppendEntries from NODE 1; args: {Term:1 LeaderId:1 PrevLogIndex:1 PrevLogTerm:1 Entries:[{Command:Set X = X-5 Term:1}] LeaderCommit:1 Latency:41}
19:50:30.980645 AT NODE 4: Sending AppendEntries reply: {Term:2 Success:false}
19:50:30.983310 AT NODE 1: became Follower with term=2; log=[{Set X = 5 1} {Set X = 1000 1} {Set X = X-5 1}]
19:50:30.983872 AT NODE 1: Election timer started: 5.377s, with term=2
19:50:31.071335 AT NODE 1: Received AppendEntries from NODE 4; args: {Term:2 LeaderId:4 PrevLogIndex:1 PrevLogTerm:1 Entries:[{Command:Set X = X+10 Term:2} {Command:Set X = X+1 Term:2} {Command:Set Y = 5 Term:2} {Command:Set Y = X+Y Term:2} {Command:Set Y = Y+3 Term:2} {Command:Set Z = -1 Term:2} {Command:Set Z = 3 Term:2}] LeaderCommit:8 Latency:84}
19:50:31.071679 AT NODE 1: Log is now: [{Set X = 5 1} {Set X = 1000 1} {Set X = X+10 2} {Set X = X+1 2} {Set Y = 5 2} {Set Y = X+Y 2} {Set Y = Y+3 2} {Set Z = -1 2} {Set Z = 3 2}]
19:50:31.071958 AT NODE 1: Sending AppendEntries reply: {Term:2 Success:true}
19:50:31.074505 AT NODE 4: AppendEntries reply from NODE 1 success: nextIndex := map[0:9 1:9 2:9 3:9], matchIndex := map[0:8 1:8 2:8 3:8]
19:50:31.174541 AT NODE 0: Received AppendEntries from NODE 1; args: {Term:1 LeaderId:1 PrevLogIndex:1 PrevLogTerm:1 Entries:[{Command:Set X = X-5 Term:1}] LeaderCommit:1 Latency:237}
19:50:31.174790 AT NODE 0: Sending AppendEntries reply: {Term:2 Success:false}
19:50:31.199712 AT NODE 3: Received AppendEntries from NODE 1; args: {Term:1 LeaderId:1 PrevLogIndex:1 PrevLogTerm:1 Entries:[{Command:Set X = X-5 Term:1}] LeaderCommit:1 Latency:261}
19:50:31.199945 AT NODE 3: Sending AppendEntries reply: {Term:2 Success:false}
19:50:31.358355 AT NODE 2: Received AppendEntries from NODE 1; args: {Term:1 LeaderId:1 PrevLogIndex:1 PrevLogTerm:1 Entries:[{Command:Set X = X-5 Term:1}] LeaderCommit:1 Latency:420}
19:50:31.358430 AT NODE 2: Sending AppendEntries reply: {Term:2 Success:false}
19:50:45.098242 AT NODE 0: KILLED
19:50:45.098574 AT NODE 0: applyCommitedLogEntries done
19:50:45.341983 AT NODE 1: KILLED
19:50:45.342344 AT NODE 1: applyCommitedLogEntries done
19:50:45.343042 AT NODE 2: KILLED
19:50:45.343210 AT NODE 2: applyCommitedLogEntries done
19:50:45.377196 AT NODE 3: KILLED
19:50:45.377720 AT NODE 3: applyCommitedLogEntries done
19:50:45.378972 AT NODE 4: KILLED
19:50:45.379286 AT NODE 4: applyCommitedLogEntries done
--- PASS: Test2 (31.89s)
PASS
ok  	RaftLogReplication	31.955s
